<?xml version="1.0" encoding="UTF-8"?>
<testng-results skipped="0" failed="1" ignored="0" total="7" passed="6">
  <reporter-output>
  </reporter-output>
  <suite name="Command line suite" duration-ms="31508" started-at="2020-06-18T10:55:58 IST" finished-at="2020-06-18T10:56:29 IST">
    <groups>
    </groups>
    <test name="Command line test" duration-ms="31508" started-at="2020-06-18T10:55:58 IST" finished-at="2020-06-18T10:56:29 IST">
      <class name="Mavndetailedpractice.Mavendemo1Test">
        <test-method status="PASS" signature="add()[pri:0, instance:Mavndetailedpractice.Mavendemo1Test@e45f292]" name="add" duration-ms="9" started-at="2020-06-18T10:55:58 IST" finished-at="2020-06-18T10:55:58 IST">
          <reporter-output>
          </reporter-output>
        </test-method> <!-- add -->
        <test-method status="PASS" signature="sub()[pri:0, instance:Mavndetailedpractice.Mavendemo1Test@e45f292]" name="sub" duration-ms="0" started-at="2020-06-18T10:55:58 IST" finished-at="2020-06-18T10:55:58 IST">
          <reporter-output>
          </reporter-output>
        </test-method> <!-- sub -->
      </class> <!-- Mavndetailedpractice.Mavendemo1Test -->
      <class name="simplypractice.Logsprac2Test">
        <test-method status="PASS" signature="beforeMethod()[pri:0, instance:simplypractice.Logsprac2Test@31a5c39e]" name="beforeMethod" is-config="true" duration-ms="20631" started-at="2020-06-18T10:55:58 IST" finished-at="2020-06-18T10:56:18 IST">
          <reporter-output>
          </reporter-output>
        </test-method> <!-- beforeMethod -->
        <test-method status="FAIL" signature="f()[pri:0, instance:simplypractice.Logsprac2Test@31a5c39e]" name="f" duration-ms="8942" started-at="2020-06-18T10:56:18 IST" finished-at="2020-06-18T10:56:27 IST">
          <exception class="org.openqa.selenium.NoSuchElementException">
            <message>
              <![CDATA[Cannot locate an element using xpath=//input[@value='Submit']
For documentation on this error, please visit: https://www.seleniumhq.org/exceptions/no_such_element.html
Build info: version: '3.141.59', revision: 'e82be7d358', time: '2018-11-14T08:17:03'
System info: host: 'DESKTOP-9715G1F', ip: '10.243.193.132', os.name: 'Windows 10', os.arch: 'amd64', os.version: '10.0', java.version: '1.8.0_65'
Driver info: driver.version: RemoteWebDriver]]>
            </message>
            <full-stacktrace>
              <![CDATA[org.openqa.selenium.NoSuchElementException: Cannot locate an element using xpath=//input[@value='Submit']
For documentation on this error, please visit: https://www.seleniumhq.org/exceptions/no_such_element.html
Build info: version: '3.141.59', revision: 'e82be7d358', time: '2018-11-14T08:17:03'
System info: host: 'DESKTOP-9715G1F', ip: '10.243.193.132', os.name: 'Windows 10', os.arch: 'amd64', os.version: '10.0', java.version: '1.8.0_65'
Driver info: driver.version: RemoteWebDriver
at org.openqa.selenium.remote.RemoteWebDriver.findElement(RemoteWebDriver.java:327)
at org.openqa.selenium.remote.RemoteWebDriver.findElementByXPath(RemoteWebDriver.java:428)
at org.openqa.selenium.By$ByXPath.findElement(By.java:353)
at org.openqa.selenium.remote.RemoteWebDriver.findElement(RemoteWebDriver.java:315)
at simplypractice.Logsprac2Test.f(Logsprac2Test.java:54)
at sun.reflect.NativeMethodAccessorImpl.invoke0(Native Method)
at sun.reflect.NativeMethodAccessorImpl.invoke(NativeMethodAccessorImpl.java:62)
at sun.reflect.DelegatingMethodAccessorImpl.invoke(DelegatingMethodAccessorImpl.java:43)
at java.lang.reflect.Method.invoke(Method.java:497)
at org.testng.internal.MethodInvocationHelper.invokeMethod(MethodInvocationHelper.java:134)
at org.testng.internal.TestInvoker.invokeMethod(TestInvoker.java:597)
at org.testng.internal.TestInvoker.invokeTestMethod(TestInvoker.java:173)
at org.testng.internal.MethodRunner.runInSequence(MethodRunner.java:46)
at org.testng.internal.TestInvoker$MethodInvocationAgent.invoke(TestInvoker.java:816)
at org.testng.internal.TestInvoker.invokeTestMethods(TestInvoker.java:146)
at org.testng.internal.TestMethodWorker.invokeTestMethods(TestMethodWorker.java:146)
at org.testng.internal.TestMethodWorker.run(TestMethodWorker.java:128)
at java.util.ArrayList.forEach(ArrayList.java:1249)
at org.testng.TestRunner.privateRun(TestRunner.java:766)
at org.testng.TestRunner.run(TestRunner.java:587)
at org.testng.SuiteRunner.runTest(SuiteRunner.java:384)
at org.testng.SuiteRunner.runSequentially(SuiteRunner.java:378)
at org.testng.SuiteRunner.privateRun(SuiteRunner.java:337)
at org.testng.SuiteRunner.run(SuiteRunner.java:286)
at org.testng.SuiteRunnerWorker.runSuite(SuiteRunnerWorker.java:53)
at org.testng.SuiteRunnerWorker.run(SuiteRunnerWorker.java:96)
at org.testng.TestNG.runSuitesSequentially(TestNG.java:1187)
at org.testng.TestNG.runSuitesLocally(TestNG.java:1109)
at org.testng.TestNG.runSuites(TestNG.java:1039)
at org.testng.TestNG.run(TestNG.java:1007)
at org.apache.maven.surefire.testng.TestNGExecutor.run(TestNGExecutor.java:77)
at org.apache.maven.surefire.testng.TestNGDirectoryTestSuite.executeMulti(TestNGDirectoryTestSuite.java:159)
at org.apache.maven.surefire.testng.TestNGDirectoryTestSuite.execute(TestNGDirectoryTestSuite.java:99)
at org.apache.maven.surefire.testng.TestNGProvider.invoke(TestNGProvider.java:106)
at sun.reflect.NativeMethodAccessorImpl.invoke0(Native Method)
at sun.reflect.NativeMethodAccessorImpl.invoke(NativeMethodAccessorImpl.java:62)
at sun.reflect.DelegatingMethodAccessorImpl.invoke(DelegatingMethodAccessorImpl.java:43)
at java.lang.reflect.Method.invoke(Method.java:497)
at org.apache.maven.surefire.util.ReflectionUtils.invokeMethodWithArray(ReflectionUtils.java:189)
at org.apache.maven.surefire.booter.ProviderFactory$ProviderProxy.invoke(ProviderFactory.java:165)
at org.apache.maven.surefire.booter.ProviderFactory.invokeProvider(ProviderFactory.java:85)
at org.apache.maven.surefire.booter.ForkedBooter.runSuitesInProcess(ForkedBooter.java:115)
at org.apache.maven.surefire.booter.ForkedBooter.main(ForkedBooter.java:75)
]]>
            </full-stacktrace>
          </exception> <!-- org.openqa.selenium.NoSuchElementException -->
          <reporter-output>
          </reporter-output>
        </test-method> <!-- f -->
        <test-method status="PASS" signature="afterMethod()[pri:0, instance:simplypractice.Logsprac2Test@31a5c39e]" name="afterMethod" is-config="true" duration-ms="1818" started-at="2020-06-18T10:56:27 IST" finished-at="2020-06-18T10:56:29 IST">
          <reporter-output>
          </reporter-output>
        </test-method> <!-- afterMethod -->
      </class> <!-- simplypractice.Logsprac2Test -->
      <class name="Mavndetailedpractice.Mavendemo2Test">
        <test-method status="PASS" signature="div()[pri:0, instance:Mavndetailedpractice.Mavendemo2Test@5f2108b5]" name="div" duration-ms="1" started-at="2020-06-18T10:55:58 IST" finished-at="2020-06-18T10:55:58 IST">
          <reporter-output>
          </reporter-output>
        </test-method> <!-- div -->
        <test-method status="PASS" signature="mul()[pri:0, instance:Mavndetailedpractice.Mavendemo2Test@5f2108b5]" name="mul" duration-ms="1" started-at="2020-06-18T10:55:58 IST" finished-at="2020-06-18T10:55:58 IST">
          <reporter-output>
          </reporter-output>
        </test-method> <!-- mul -->
      </class> <!-- Mavndetailedpractice.Mavendemo2Test -->
      <class name="simplypractice.Mavendemo1Test">
        <test-method status="PASS" signature="f1Test()[pri:0, instance:simplypractice.Mavendemo1Test@3f49dace]" name="f1Test" duration-ms="4" started-at="2020-06-18T10:56:29 IST" finished-at="2020-06-18T10:56:29 IST">
          <reporter-output>
          </reporter-output>
        </test-method> <!-- f1Test -->
        <test-method status="PASS" signature="fTest()[pri:0, instance:simplypractice.Mavendemo1Test@3f49dace]" name="fTest" duration-ms="1" started-at="2020-06-18T10:56:29 IST" finished-at="2020-06-18T10:56:29 IST">
          <reporter-output>
          </reporter-output>
        </test-method> <!-- fTest -->
      </class> <!-- simplypractice.Mavendemo1Test -->
    </test> <!-- Command line test -->
  </suite> <!-- Command line suite -->
</testng-results>
