<?xml version="1.0" encoding="UTF-8"?>
<testng-results skipped="0" failed="0" ignored="0" total="1" passed="1">
  <reporter-output>
  </reporter-output>
  <suite name="Suite" duration-ms="81" started-at="2020-08-06T17:33:31 IST" finished-at="2020-08-06T17:33:31 IST">
    <groups>
    </groups>
    <test name="Test" duration-ms="81" started-at="2020-08-06T17:33:31 IST" finished-at="2020-08-06T17:33:31 IST">
      <class name="pac1.BrowserTest">
        <test-method status="PASS" signature="fTest()[pri:0, instance:pac1.BrowserTest@cd2dae5]" name="fTest" duration-ms="16" started-at="2020-08-06T17:33:31 IST" finished-at="2020-08-06T17:33:31 IST">
          <reporter-output>
          </reporter-output>
        </test-method> <!-- fTest -->
      </class> <!-- pac1.BrowserTest -->
    </test> <!-- Test -->
  </suite> <!-- Suite -->
</testng-results>
